2025-11-13 16:47:21 [JavaFX Application Thread] INFO  com.gaizkaFrost.MainController - Inicializando MainController
2025-11-13 16:47:21 [JavaFX Application Thread] DEBUG com.gaizkaFrost.MainController - Status actualizado: Listo
2025-11-13 17:55:48 [JavaFX Application Thread] INFO  com.gaizkaFrost.MainController - Inicializando MainController
2025-11-13 17:55:48 [JavaFX Application Thread] DEBUG com.gaizkaFrost.MainController - Status actualizado: Listo
2025-11-13 17:57:19 [JavaFX Application Thread] INFO  com.gaizkaFrost.MainController - Inicializando MainController
2025-11-13 17:57:19 [JavaFX Application Thread] DEBUG com.gaizkaFrost.MainController - Status actualizado: Listo
2025-11-13 18:16:21 [JavaFX Application Thread] INFO  com.gaizkaFrost.MainController - Inicializando MainController
2025-11-13 18:16:21 [JavaFX Application Thread] DEBUG com.gaizkaFrost.MainController - Status actualizado: Listo
2025-11-13 18:16:41 [JavaFX Application Thread] INFO  com.gaizkaFrost.MainController - Inicializando MainController
2025-11-13 18:16:41 [JavaFX Application Thread] DEBUG com.gaizkaFrost.MainController - Status actualizado: Listo
2025-11-13 18:26:37 [JavaFX Application Thread] INFO  com.gaizkaFrost.MainController - Inicializando MainController
2025-11-13 18:26:37 [JavaFX Application Thread] DEBUG com.gaizkaFrost.MainController - Status actualizado: Listo
2025-11-13 18:39:37 [JavaFX Application Thread] INFO  com.gaizkaFrost.MainController - Inicializando MainController
2025-11-13 18:39:37 [JavaFX Application Thread] DEBUG com.gaizkaFrost.MainController - Status actualizado: Listo
2025-11-13 18:40:23 [JavaFX Application Thread] DEBUG com.gaizkaFrost.MainController - Status actualizado: Cifrando texto con Vigenère (API)...
2025-11-13 18:40:24 [JavaFX Application Thread] DEBUG com.gaizkaFrost.MainController - Status actualizado: Error cifrando texto con Vigenère
2025-11-13 18:40:28 [JavaFX Application Thread] INFO  com.gaizkaFrost.MainController - Cifrando texto con AES...
2025-11-13 18:40:28 [JavaFX Application Thread] DEBUG com.gaizkaFrost.MainController - Status actualizado: Texto cifrado correctamente
2025-11-13 18:40:30 [JavaFX Application Thread] INFO  com.gaizkaFrost.MainController - Cifrando texto con AES...
2025-11-13 18:40:30 [JavaFX Application Thread] DEBUG com.gaizkaFrost.MainController - Status actualizado: Texto cifrado correctamente
2025-11-13 18:40:31 [JavaFX Application Thread] INFO  com.gaizkaFrost.MainController - Cifrando texto con AES...
2025-11-13 18:40:31 [JavaFX Application Thread] DEBUG com.gaizkaFrost.MainController - Status actualizado: Texto cifrado correctamente
2025-11-13 18:40:34 [JavaFX Application Thread] DEBUG com.gaizkaFrost.MainController - Status actualizado: Resultado copiado al portapapeles
2025-11-13 18:40:36 [JavaFX Application Thread] DEBUG com.gaizkaFrost.MainController - Status actualizado: Entrada limpiada
2025-11-13 18:40:39 [JavaFX Application Thread] INFO  com.gaizkaFrost.MainController - Descifrando texto con AES...
2025-11-13 18:40:39 [JavaFX Application Thread] DEBUG com.gaizkaFrost.MainController - Status actualizado: Texto descifrado correctamente
2025-11-13 18:40:41 [JavaFX Application Thread] INFO  com.gaizkaFrost.MainController - Descifrando texto con AES...
2025-11-13 18:40:41 [JavaFX Application Thread] DEBUG com.gaizkaFrost.MainController - Status actualizado: Texto descifrado correctamente
2025-11-13 18:40:42 [JavaFX Application Thread] INFO  com.gaizkaFrost.MainController - Descifrando texto con AES...
2025-11-13 18:40:42 [JavaFX Application Thread] DEBUG com.gaizkaFrost.MainController - Status actualizado: Texto descifrado correctamente
2025-11-13 18:40:44 [JavaFX Application Thread] DEBUG com.gaizkaFrost.MainController - Status actualizado: Entrada limpiada
2025-11-13 18:40:45 [JavaFX Application Thread] DEBUG com.gaizkaFrost.MainController - Status actualizado: Entrada limpiada
2025-11-13 18:40:46 [JavaFX Application Thread] DEBUG com.gaizkaFrost.MainController - Status actualizado: No hay texto para cifrar
2025-11-13 18:40:48 [JavaFX Application Thread] DEBUG com.gaizkaFrost.MainController - Status actualizado: No hay texto para descifrar
2025-11-13 18:40:51 [JavaFX Application Thread] DEBUG com.gaizkaFrost.MainController - Status actualizado: No hay texto para descifrar
2025-11-13 18:40:54 [JavaFX Application Thread] INFO  com.gaizkaFrost.MainController - Acción: cargar archivo de entrada
2025-11-13 18:41:02 [JavaFX Application Thread] INFO  com.gaizkaFrost.MainController - Archivo de imagen o cifrado seleccionado: C:\Users\diieg\Pictures\Screenshots\Captura de pantalla 2024-11-09 193513.png
2025-11-13 18:41:02 [JavaFX Application Thread] DEBUG com.gaizkaFrost.MainController - Status actualizado: Archivo de imagen cargado correctamente
2025-11-13 18:41:09 [JavaFX Application Thread] INFO  com.gaizkaFrost.MainController - Descifrando imagen desde ruta: C:\Users\diieg\Pictures\Screenshots\Captura de pantalla 2024-11-09 193513.png
2025-11-13 18:41:09 [JavaFX Application Thread] ERROR com.gaizkaFrost.MainController - Error al descifrar la imagen desde ruta
javax.crypto.AEADBadTagException: Tag mismatch
	at java.base/com.sun.crypto.provider.GaloisCounterMode$GCMDecrypt.doFinal(GaloisCounterMode.java:1504)
	at java.base/com.sun.crypto.provider.GaloisCounterMode.engineDoFinal(GaloisCounterMode.java:401)
	at java.base/javax.crypto.Cipher.doFinal(Cipher.java:2255)
	at com.gaizkaFrost.AESImageService.decryptImage(AESImageService.java:172)
	at com.gaizkaFrost.MainController.descifrarImagenDesdeRuta(MainController.java:394)
	at com.gaizkaFrost.MainController.handleDescifrar(MainController.java:353)
	at java.base/jdk.internal.reflect.DirectMethodHandleAccessor.invoke(DirectMethodHandleAccessor.java:104)
	at java.base/java.lang.reflect.Method.invoke(Method.java:565)
	at com.sun.javafx.reflect.Trampoline.invoke(MethodUtil.java:72)
	at java.base/jdk.internal.reflect.DirectMethodHandleAccessor.invoke(DirectMethodHandleAccessor.java:104)
	at java.base/java.lang.reflect.Method.invoke(Method.java:565)
	at com.sun.javafx.reflect.MethodUtil.invoke(MethodUtil.java:270)
	at com.sun.javafx.fxml.MethodHelper.invoke(MethodHelper.java:84)
	at javafx.fxml.FXMLLoader$MethodHandler.invoke(FXMLLoader.java:1853)
	at javafx.fxml.FXMLLoader$ControllerMethodEventHandler.handle(FXMLLoader.java:1726)
	at com.sun.javafx.event.CompositeEventHandler.dispatchBubblingEvent(CompositeEventHandler.java:86)
	at com.sun.javafx.event.EventHandlerManager.dispatchBubblingEvent(EventHandlerManager.java:232)
	at com.sun.javafx.event.EventHandlerManager.dispatchBubblingEvent(EventHandlerManager.java:189)
	at com.sun.javafx.event.CompositeEventDispatcher.dispatchBubblingEvent(CompositeEventDispatcher.java:59)
	at com.sun.javafx.event.BasicEventDispatcher.dispatchEvent(BasicEventDispatcher.java:58)
	at com.sun.javafx.event.EventDispatchChainImpl.dispatchEvent(EventDispatchChainImpl.java:114)
	at com.sun.javafx.event.BasicEventDispatcher.dispatchEvent(BasicEventDispatcher.java:56)
	at com.sun.javafx.event.EventDispatchChainImpl.dispatchEvent(EventDispatchChainImpl.java:114)
	at com.sun.javafx.event.BasicEventDispatcher.dispatchEvent(BasicEventDispatcher.java:56)
	at com.sun.javafx.event.EventDispatchChainImpl.dispatchEvent(EventDispatchChainImpl.java:114)
	at com.sun.javafx.event.EventUtil.fireEventImpl(EventUtil.java:74)
	at com.sun.javafx.event.EventUtil.fireEvent(EventUtil.java:49)
	at javafx.event.Event.fireEvent(Event.java:198)
	at javafx.scene.Node.fireEvent(Node.java:8875)
	at javafx.scene.control.Button.fire(Button.java:203)
	at com.sun.javafx.scene.control.behavior.ButtonBehavior.mouseReleased(ButtonBehavior.java:207)
	at com.sun.javafx.scene.control.inputmap.InputMap.handle(InputMap.java:274)
	at com.sun.javafx.event.CompositeEventHandler$NormalEventHandlerRecord.handleBubblingEvent(CompositeEventHandler.java:247)
	at com.sun.javafx.event.CompositeEventHandler.dispatchBubblingEvent(CompositeEventHandler.java:80)
	at com.sun.javafx.event.EventHandlerManager.dispatchBubblingEvent(EventHandlerManager.java:232)
	at com.sun.javafx.event.EventHandlerManager.dispatchBubblingEvent(EventHandlerManager.java:189)
	at com.sun.javafx.event.CompositeEventDispatcher.dispatchBubblingEvent(CompositeEventDispatcher.java:59)
	at com.sun.javafx.event.BasicEventDispatcher.dispatchEvent(BasicEventDispatcher.java:58)
	at com.sun.javafx.event.EventDispatchChainImpl.dispatchEvent(EventDispatchChainImpl.java:114)
	at com.sun.javafx.event.BasicEventDispatcher.dispatchEvent(BasicEventDispatcher.java:56)
	at com.sun.javafx.event.EventDispatchChainImpl.dispatchEvent(EventDispatchChainImpl.java:114)
	at com.sun.javafx.event.BasicEventDispatcher.dispatchEvent(BasicEventDispatcher.java:56)
	at com.sun.javafx.event.EventDispatchChainImpl.dispatchEvent(EventDispatchChainImpl.java:114)
	at com.sun.javafx.event.EventUtil.fireEventImpl(EventUtil.java:74)
	at com.sun.javafx.event.EventUtil.fireEvent(EventUtil.java:54)
	at javafx.event.Event.fireEvent(Event.java:198)
	at javafx.scene.Scene$MouseHandler.process(Scene.java:3984)
	at javafx.scene.Scene.processMouseEvent(Scene.java:1890)
	at javafx.scene.Scene$ScenePeerListener.mouseEvent(Scene.java:2708)
	at com.sun.javafx.tk.quantum.GlassViewEventHandler$MouseEventNotification.run(GlassViewEventHandler.java:411)
	at com.sun.javafx.tk.quantum.GlassViewEventHandler$MouseEventNotification.run(GlassViewEventHandler.java:301)
	at java.base/java.security.AccessController.doPrivileged(AccessController.java:138)
	at com.sun.javafx.tk.quantum.GlassViewEventHandler.lambda$handleMouseEvent$2(GlassViewEventHandler.java:450)
	at com.sun.javafx.tk.quantum.QuantumToolkit.runWithoutRenderLock(QuantumToolkit.java:424)
	at com.sun.javafx.tk.quantum.GlassViewEventHandler.handleMouseEvent(GlassViewEventHandler.java:449)
	at com.sun.glass.ui.View.handleMouseEvent(View.java:551)
	at com.sun.glass.ui.View.notifyMouse(View.java:937)
	at com.sun.glass.ui.win.WinApplication._runLoop(Native Method)
	at com.sun.glass.ui.win.WinApplication.lambda$runLoop$3(WinApplication.java:185)
	at java.base/java.lang.Thread.run(Thread.java:1447)
2025-11-13 18:41:09 [JavaFX Application Thread] DEBUG com.gaizkaFrost.MainController - Status actualizado: Error al descifrar la imagen
2025-11-13 18:41:14 [JavaFX Application Thread] INFO  com.gaizkaFrost.MainController - Cifrando imagen: C:\Users\diieg\Pictures\Screenshots\Captura de pantalla 2024-11-09 193513.png
2025-11-13 18:41:14 [JavaFX Application Thread] INFO  com.gaizkaFrost.MainController - Imagen cifrada en: C:\Users\diieg\Pictures\Screenshots\Captura de pantalla 2024-11-09 193513.png.enc
2025-11-13 18:41:14 [JavaFX Application Thread] DEBUG com.gaizkaFrost.MainController - Status actualizado: Imagen cifrada en: C:\Users\diieg\Pictures\Screenshots\Captura de pantalla 2024-11-09 193513.png.enc
2025-11-13 18:41:16 [JavaFX Application Thread] DEBUG com.gaizkaFrost.MainController - Status actualizado: Listo
2025-11-13 18:41:23 [JavaFX Application Thread] DEBUG com.gaizkaFrost.MainController - Status actualizado: Introduce una clave para cifrar
2025-11-13 18:41:28 [JavaFX Application Thread] INFO  com.gaizkaFrost.MainController - Acción: cargar archivo de entrada
2025-11-14 12:50:20 [JavaFX Application Thread] INFO  com.gaizkaFrost.MainController - Inicializando MainController
2025-11-14 12:50:20 [JavaFX Application Thread] DEBUG com.gaizkaFrost.MainController - Status actualizado: Listo
2025-11-14 12:55:33 [JavaFX Application Thread] INFO  com.gaizkaFrost.MainController - Inicializando MainController
2025-11-14 12:55:33 [JavaFX Application Thread] DEBUG com.gaizkaFrost.MainController - Status actualizado: Listo
2025-11-14 13:07:01 [JavaFX Application Thread] INFO  com.gaizkaFrost.MainController - Inicializando MainController
2025-11-14 13:07:01 [JavaFX Application Thread] DEBUG com.gaizkaFrost.MainController - Status actualizado: Listo
2025-11-14 13:07:29 [JavaFX Application Thread] INFO  com.gaizkaFrost.MainController - Inicializando MainController
2025-11-14 13:07:29 [JavaFX Application Thread] DEBUG com.gaizkaFrost.MainController - Status actualizado: Listo
2025-11-14 13:08:25 [JavaFX Application Thread] INFO  com.gaizkaFrost.MainController - Inicializando MainController
2025-11-14 13:08:25 [JavaFX Application Thread] DEBUG com.gaizkaFrost.MainController - Status actualizado: Listo
2025-11-14 13:09:03 [JavaFX Application Thread] INFO  com.gaizkaFrost.MainController - Inicializando MainController
2025-11-14 13:09:03 [JavaFX Application Thread] DEBUG com.gaizkaFrost.MainController - Status actualizado: Listo
2025-11-14 13:12:45 [JavaFX Application Thread] INFO  com.gaizkaFrost.MainController - Inicializando MainController
2025-11-14 13:12:45 [JavaFX Application Thread] DEBUG com.gaizkaFrost.MainController - Status actualizado: Listo
2025-11-14 13:13:36 [JavaFX Application Thread] INFO  com.gaizkaFrost.MainController - Inicializando MainController
2025-11-14 13:13:36 [JavaFX Application Thread] DEBUG com.gaizkaFrost.MainController - Status actualizado: Listo
